{"sessionId":"85ec8b","runId":"pre-fix","hypothesisId":"H0","location":"MainWindow.xaml.cs:20","message":"Application startup marker","data":{"baseDir":"C:\\Users\\RajulTripathiLM\\OneDrive - Lohia Mechatronik\\Desktop\\Projects\\Settings_tool\\WISOptimizer\\bin\\Debug\\net10.0-windows\\","currentDir":"C:\\Users\\RajulTripathiLM\\OneDrive - Lohia Mechatronik\\Desktop\\Projects\\Settings_tool\\WISOptimizer"},"timestamp":1778663704778}
{"sessionId":"85ec8b","runId":"pre-fix","hypothesisId":"H1","location":"StorageView.xaml.cs:13","message":"Storage view initialized","data":{"statusText":"C: Drive - 321.3 GB free (Min 10 GB)","minFreeSpaceText":"10"},"timestamp":1778663901681}
{"sessionId":"85ec8b","runId":"pre-fix","hypothesisId":"H6","location":"PowerShellRunner.cs:26","message":"PowerShell command entry","data":{"timeoutSeconds":60,"commandLength":134},"timestamp":1778663936187}
{"sessionId":"85ec8b","runId":"pre-fix","hypothesisId":"H6","location":"PowerShellRunner.cs:26","message":"PowerShell command entry","data":{"timeoutSeconds":60,"commandLength":134},"timestamp":1778663944964}
{"sessionId":"85ec8b","runId":"pre-fix","hypothesisId":"H3","location":"TaskbarCustomizationView.xaml.cs:20","message":"Taskbar apply requested","data":{"taskbarLeft":true,"hideTaskView":false,"removeWidgets":false},"timestamp":1778664247162}
{"sessionId":"85ec8b","runId":"pre-fix","hypothesisId":"H6","location":"PowerShellRunner.cs:26","message":"PowerShell command entry","data":{"timeoutSeconds":60,"commandLength":124},"timestamp":1778664247167}
{"sessionId":"85ec8b","runId":"pre-fix","hypothesisId":"H6","location":"PowerShellRunner.cs:26","message":"PowerShell command entry","data":{"timeoutSeconds":30,"commandLength":117},"timestamp":1778664247167}
{"sessionId":"85ec8b","runId":"pre-fix","hypothesisId":"H3","location":"TaskbarCustomizationView.xaml.cs:36","message":"Taskbar left command result","data":{"success":true,"error":""},"timestamp":1778664247416}
{"sessionId":"85ec8b","runId":"pre-fix","hypothesisId":"H6","location":"PowerShellRunner.cs:26","message":"PowerShell command entry","data":{"timeoutSeconds":30,"commandLength":34},"timestamp":1778664247418}
{"sessionId":"85ec8b","runId":"pre-fix","hypothesisId":"H3","location":"TaskbarCustomizationView.xaml.cs:74","message":"Explorer restart result","data":{"success":true,"error":""},"timestamp":1778664247646}
{"sessionId":"85ec8b","runId":"pre-fix","hypothesisId":"H3","location":"TaskbarCustomizationView.xaml.cs:20","message":"Taskbar apply requested","data":{"taskbarLeft":true,"hideTaskView":true,"removeWidgets":true},"timestamp":1778664608048}
{"sessionId":"85ec8b","runId":"pre-fix","hypothesisId":"H6","location":"PowerShellRunner.cs:26","message":"PowerShell command entry","data":{"timeoutSeconds":60,"commandLength":124},"timestamp":1778664608050}
{"sessionId":"85ec8b","runId":"pre-fix","hypothesisId":"H6","location":"PowerShellRunner.cs:26","message":"PowerShell command entry","data":{"timeoutSeconds":30,"commandLength":117},"timestamp":1778664608050}
{"sessionId":"85ec8b","runId":"pre-fix","hypothesisId":"H3","location":"TaskbarCustomizationView.xaml.cs:36","message":"Taskbar left command result","data":{"success":true,"error":""},"timestamp":1778664608296}
{"sessionId":"85ec8b","runId":"pre-fix","hypothesisId":"H6","location":"PowerShellRunner.cs:26","message":"PowerShell command entry","data":{"timeoutSeconds":30,"commandLength":126},"timestamp":1778664608297}
{"sessionId":"85ec8b","runId":"pre-fix","hypothesisId":"H3","location":"TaskbarCustomizationView.xaml.cs:49","message":"Task view command result","data":{"success":true,"error":""},"timestamp":1778664608522}
{"sessionId":"85ec8b","runId":"pre-fix","hypothesisId":"H6","location":"PowerShellRunner.cs:26","message":"PowerShell command entry","data":{"timeoutSeconds":30,"commandLength":246},"timestamp":1778664608523}
{"sessionId":"85ec8b","runId":"pre-fix","hypothesisId":"H3","location":"TaskbarCustomizationView.xaml.cs:62","message":"Widgets command result","data":{"success":false,"error":"New-Item : Attempted to perform an unauthorized operation.\r\nAt line:1 char:1\r\n\u002B New-Item -Path \u0027HKCU:\\Software\\Microsoft\\Windows\\CurrentVersion\\Explo ...\r\n\u002B ~~~~~~~~~~~~~~~~~~~~~~~~~~~~~~~~~~~~~~~~~~~~~~~~~~~~~~~~~~~~~~~~~~~~~\r\n    \u002B CategoryInfo          : PermissionDenied: (HKEY_CURRENT_US...plorer\\Advanced:String) [New-Item], UnauthorizedAcc \r\n   essException\r\n    \u002B FullyQualifiedErrorId : System.UnauthorizedAccessException,Microsoft.PowerShell.Commands.NewItemCommand\r\n \r\nNew-ItemProperty : Attempted to perform an unauthorized operation.\r\nAt line:1 char:103\r\n\u002B ... | Out-Null; New-ItemProperty -Path \u0027HKCU:\\Software\\Microsoft\\Windows\\ ...\r\n\u002B                 ~~~~~~~~~~~~~~~~~~~~~~~~~~~~~~~~~~~~~~~~~~~~~~~~~~~~~~~~~\r\n    \u002B CategoryInfo          : PermissionDenied: (HKEY_CURRENT_US...plorer\\Advanced:String) [New-ItemProperty], Unautho \r\n   rizedAccessException\r\n    \u002B FullyQualifiedErrorId : System.UnauthorizedAccessException,Microsoft.PowerShell.Commands.NewItemPropertyCommand\r\n \r\n"},"timestamp":1778664608876}
{"sessionId":"85ec8b","runId":"pre-fix","hypothesisId":"H6","location":"PowerShellRunner.cs:26","message":"PowerShell command entry","data":{"timeoutSeconds":30,"commandLength":235},"timestamp":1778664608877}
{"sessionId":"85ec8b","runId":"pre-fix","hypothesisId":"H6","location":"PowerShellRunner.cs:26","message":"PowerShell command entry","data":{"timeoutSeconds":30,"commandLength":34},"timestamp":1778664609110}
{"sessionId":"85ec8b","runId":"pre-fix","hypothesisId":"H3","location":"TaskbarCustomizationView.xaml.cs:74","message":"Explorer restart result","data":{"success":true,"error":""},"timestamp":1778664609358}
{"sessionId":"85ec8b","runId":"pre-fix","hypothesisId":"H3","location":"TaskbarCustomizationView.xaml.cs:20","message":"Taskbar apply requested","data":{"taskbarLeft":true,"hideTaskView":true,"removeWidgets":false},"timestamp":1778664733334}
{"sessionId":"85ec8b","runId":"pre-fix","hypothesisId":"H6","location":"PowerShellRunner.cs:26","message":"PowerShell command entry","data":{"timeoutSeconds":60,"commandLength":124},"timestamp":1778664733339}
{"sessionId":"85ec8b","runId":"pre-fix","hypothesisId":"H6","location":"PowerShellRunner.cs:26","message":"PowerShell command entry","data":{"timeoutSeconds":30,"commandLength":117},"timestamp":1778664733340}
{"sessionId":"85ec8b","runId":"pre-fix","hypothesisId":"H3","location":"TaskbarCustomizationView.xaml.cs:36","message":"Taskbar left command result","data":{"success":true,"error":""},"timestamp":1778664733623}
{"sessionId":"85ec8b","runId":"pre-fix","hypothesisId":"H6","location":"PowerShellRunner.cs:26","message":"PowerShell command entry","data":{"timeoutSeconds":30,"commandLength":126},"timestamp":1778664733624}
{"sessionId":"85ec8b","runId":"pre-fix","hypothesisId":"H3","location":"TaskbarCustomizationView.xaml.cs:49","message":"Task view command result","data":{"success":true,"error":""},"timestamp":1778664733852}
{"sessionId":"85ec8b","runId":"pre-fix","hypothesisId":"H6","location":"PowerShellRunner.cs:26","message":"PowerShell command entry","data":{"timeoutSeconds":30,"commandLength":34},"timestamp":1778664733853}
{"sessionId":"85ec8b","runId":"pre-fix","hypothesisId":"H3","location":"TaskbarCustomizationView.xaml.cs:74","message":"Explorer restart result","data":{"success":true,"error":""},"timestamp":1778664734135}
